{"/Users/darya/typescript_project/src/index.js": {"path":"/Users/darya/typescript_project/src/index.js","all":false,"statementMap":{"0":{"start":{"line":1,"column":0},"end":{"line":1,"column":13}},"1":{"start":{"line":2,"column":0},"end":{"line":2,"column":62}},"2":{"start":{"line":3,"column":0},"end":{"line":3,"column":38}},"3":{"start":{"line":4,"column":0},"end":{"line":4,"column":38}},"4":{"start":{"line":5,"column":0},"end":{"line":5,"column":23}},"5":{"start":{"line":6,"column":0},"end":{"line":6,"column":31}},"6":{"start":{"line":7,"column":0},"end":{"line":7,"column":25}},"7":{"start":{"line":8,"column":0},"end":{"line":8,"column":78}},"8":{"start":{"line":9,"column":0},"end":{"line":9,"column":5}},"9":{"start":{"line":10,"column":0},"end":{"line":10,"column":52}},"10":{"start":{"line":11,"column":0},"end":{"line":11,"column":31}},"11":{"start":{"line":12,"column":0},"end":{"line":12,"column":79}},"12":{"start":{"line":13,"column":0},"end":{"line":13,"column":60}},"13":{"start":{"line":14,"column":0},"end":{"line":14,"column":23}},"14":{"start":{"line":15,"column":0},"end":{"line":15,"column":6}},"15":{"start":{"line":16,"column":0},"end":{"line":16,"column":42}},"16":{"start":{"line":17,"column":0},"end":{"line":17,"column":49}},"17":{"start":{"line":18,"column":0},"end":{"line":18,"column":28}},"18":{"start":{"line":19,"column":0},"end":{"line":19,"column":45}},"19":{"start":{"line":20,"column":0},"end":{"line":20,"column":61}},"20":{"start":{"line":21,"column":0},"end":{"line":21,"column":85}},"21":{"start":{"line":22,"column":0},"end":{"line":22,"column":13}},"22":{"start":{"line":23,"column":0},"end":{"line":23,"column":18}},"23":{"start":{"line":24,"column":0},"end":{"line":24,"column":49}},"24":{"start":{"line":25,"column":0},"end":{"line":25,"column":13}},"25":{"start":{"line":26,"column":0},"end":{"line":26,"column":9}},"26":{"start":{"line":27,"column":0},"end":{"line":27,"column":14}},"27":{"start":{"line":28,"column":0},"end":{"line":28,"column":25}},"28":{"start":{"line":29,"column":0},"end":{"line":29,"column":45}},"29":{"start":{"line":30,"column":0},"end":{"line":30,"column":61}},"30":{"start":{"line":31,"column":0},"end":{"line":31,"column":162}},"31":{"start":{"line":32,"column":0},"end":{"line":32,"column":13}},"32":{"start":{"line":33,"column":0},"end":{"line":33,"column":18}},"33":{"start":{"line":34,"column":0},"end":{"line":34,"column":73}},"34":{"start":{"line":35,"column":0},"end":{"line":35,"column":13}},"35":{"start":{"line":36,"column":0},"end":{"line":36,"column":9}},"36":{"start":{"line":37,"column":0},"end":{"line":37,"column":6}},"37":{"start":{"line":38,"column":0},"end":{"line":38,"column":15}},"38":{"start":{"line":39,"column":0},"end":{"line":39,"column":5}},"39":{"start":{"line":40,"column":0},"end":{"line":40,"column":22}}},"s":{"0":1,"1":1,"2":1,"3":1,"4":3,"5":3,"6":3,"7":3,"8":3,"9":1,"10":2,"11":2,"12":2,"13":2,"14":1,"15":1,"16":3,"17":3,"18":3,"19":2,"20":2,"21":2,"22":1,"23":1,"24":1,"25":3,"26":0,"27":0,"28":0,"29":0,"30":0,"31":0,"32":0,"33":0,"34":0,"35":0,"36":1,"37":1,"38":1,"39":1},"branchMap":{"0":{"type":"branch","line":3,"loc":{"start":{"line":3,"column":25},"end":{"line":39,"column":2}},"locations":[{"start":{"line":3,"column":25},"end":{"line":39,"column":2}}]},"1":{"type":"branch","line":4,"loc":{"start":{"line":4,"column":4},"end":{"line":9,"column":5}},"locations":[{"start":{"line":4,"column":4},"end":{"line":9,"column":5}}]},"2":{"type":"branch","line":10,"loc":{"start":{"line":10,"column":36},"end":{"line":15,"column":5}},"locations":[{"start":{"line":10,"column":36},"end":{"line":15,"column":5}}]},"3":{"type":"branch","line":12,"loc":{"start":{"line":12,"column":17},"end":{"line":12,"column":78}},"locations":[{"start":{"line":12,"column":17},"end":{"line":12,"column":78}}]},"4":{"type":"branch","line":13,"loc":{"start":{"line":13,"column":17},"end":{"line":13,"column":59}},"locations":[{"start":{"line":13,"column":17},"end":{"line":13,"column":59}}]},"5":{"type":"branch","line":16,"loc":{"start":{"line":16,"column":29},"end":{"line":37,"column":5}},"locations":[{"start":{"line":16,"column":29},"end":{"line":37,"column":5}}]},"6":{"type":"branch","line":19,"loc":{"start":{"line":19,"column":44},"end":{"line":22,"column":13}},"locations":[{"start":{"line":19,"column":44},"end":{"line":22,"column":13}}]},"7":{"type":"branch","line":21,"loc":{"start":{"line":21,"column":74},"end":{"line":21,"column":78}},"locations":[{"start":{"line":21,"column":74},"end":{"line":21,"column":78}}]},"8":{"type":"branch","line":23,"loc":{"start":{"line":23,"column":-1},"end":{"line":25,"column":13}},"locations":[{"start":{"line":23,"column":-1},"end":{"line":25,"column":13}}]},"9":{"type":"branch","line":27,"loc":{"start":{"line":27,"column":-1},"end":{"line":36,"column":9}},"locations":[{"start":{"line":27,"column":-1},"end":{"line":36,"column":9}}]}},"b":{"0":[1],"1":[3],"2":[2],"3":[3],"4":[3],"5":[3],"6":[2],"7":[0],"8":[1],"9":[0]},"fnMap":{"0":{"name":"Tag","decl":{"start":{"line":4,"column":4},"end":{"line":9,"column":5}},"loc":{"start":{"line":4,"column":4},"end":{"line":9,"column":5}},"line":4},"1":{"name":"Tag.optionsToString","decl":{"start":{"line":10,"column":36},"end":{"line":15,"column":5}},"loc":{"start":{"line":10,"column":36},"end":{"line":15,"column":5}},"line":10},"2":{"name":"Tag.toString","decl":{"start":{"line":16,"column":29},"end":{"line":37,"column":5}},"loc":{"start":{"line":16,"column":29},"end":{"line":37,"column":5}},"line":16}},"f":{"0":3,"1":2,"2":3}}
,"/Users/darya/typescript_project/src/index.ts": {"path":"/Users/darya/typescript_project/src/index.ts","all":true,"statementMap":{"0":{"start":{"line":1,"column":0},"end":{"line":1,"column":26}},"3":{"start":{"line":4,"column":0},"end":{"line":4,"column":14}},"4":{"start":{"line":5,"column":0},"end":{"line":5,"column":23}},"5":{"start":{"line":6,"column":0},"end":{"line":6,"column":28}},"6":{"start":{"line":7,"column":0},"end":{"line":7,"column":24}},"7":{"start":{"line":8,"column":0},"end":{"line":8,"column":5}},"8":{"start":{"line":9,"column":0},"end":{"line":9,"column":74}},"9":{"start":{"line":10,"column":0},"end":{"line":10,"column":3}},"11":{"start":{"line":12,"column":0},"end":{"line":12,"column":32}},"12":{"start":{"line":13,"column":0},"end":{"line":13,"column":27}},"13":{"start":{"line":14,"column":0},"end":{"line":14,"column":43}},"14":{"start":{"line":15,"column":0},"end":{"line":15,"column":36}},"15":{"start":{"line":16,"column":0},"end":{"line":16,"column":17}},"16":{"start":{"line":17,"column":0},"end":{"line":17,"column":3}},"18":{"start":{"line":19,"column":0},"end":{"line":19,"column":14}},"19":{"start":{"line":20,"column":0},"end":{"line":20,"column":45}},"21":{"start":{"line":22,"column":0},"end":{"line":22,"column":39}},"22":{"start":{"line":23,"column":0},"end":{"line":23,"column":53}},"23":{"start":{"line":24,"column":0},"end":{"line":24,"column":61}},"24":{"start":{"line":25,"column":0},"end":{"line":25,"column":14}},"25":{"start":{"line":26,"column":0},"end":{"line":26,"column":31}},"26":{"start":{"line":27,"column":0},"end":{"line":27,"column":7}},"27":{"start":{"line":28,"column":0},"end":{"line":28,"column":12}},"29":{"start":{"line":30,"column":0},"end":{"line":30,"column":39}},"30":{"start":{"line":31,"column":0},"end":{"line":31,"column":53}},"31":{"start":{"line":32,"column":0},"end":{"line":32,"column":61}},"32":{"start":{"line":33,"column":0},"end":{"line":33,"column":50}},"33":{"start":{"line":34,"column":0},"end":{"line":34,"column":25}},"34":{"start":{"line":35,"column":0},"end":{"line":35,"column":14}},"35":{"start":{"line":36,"column":0},"end":{"line":36,"column":45}},"36":{"start":{"line":37,"column":0},"end":{"line":37,"column":7}},"37":{"start":{"line":38,"column":0},"end":{"line":38,"column":5}},"38":{"start":{"line":39,"column":0},"end":{"line":39,"column":3}},"39":{"start":{"line":40,"column":0},"end":{"line":40,"column":1}}},"s":{"0":0,"3":0,"4":0,"5":0,"6":0,"7":0,"8":0,"9":0,"11":0,"12":0,"13":0,"14":0,"15":0,"16":0,"18":0,"19":0,"21":0,"22":0,"23":0,"24":0,"25":0,"26":0,"27":0,"29":0,"30":0,"31":0,"32":0,"33":0,"34":0,"35":0,"36":0,"37":0,"38":0,"39":0},"branchMap":{"0":{"type":"branch","line":1,"loc":{"start":{"line":1,"column":1044},"end":{"line":40,"column":1}},"locations":[{"start":{"line":1,"column":1044},"end":{"line":40,"column":1}}]}},"b":{"0":[0]},"fnMap":{"0":{"name":"(empty-report)","decl":{"start":{"line":1,"column":1044},"end":{"line":40,"column":1}},"loc":{"start":{"line":1,"column":1044},"end":{"line":40,"column":1}},"line":1}},"f":{"0":0}}
}
